#
# A fatal error has been detected by the Java Runtime Environment:
#
#  EXCEPTION_ACCESS_VIOLATION (0xc0000005) at pc=0x00000215ef621050, pid=33212, tid=25080
#
# JRE version: OpenJDK Runtime Environment Temurin-21.0.3+9 (21.0.3+9) (build 21.0.3+9-LTS)
# Java VM: OpenJDK 64-Bit Server VM Temurin-21.0.3+9 (21.0.3+9-LTS, mixed mode, emulated-client, tiered, compressed oops, compressed class ptrs, g1 gc, windows-amd64)
# Problematic frame:
# v  ~BufferBlob::MethodHandles adapters 0x00000215ef621050
#
# No core dump will be written. Minidumps are not enabled by default on client versions of Windows
#
# If you would like to submit a bug report, please visit:
#   https://github.com/adoptium/adoptium-support/issues
#

---------------  S U M M A R Y ------------

Command Line: -XX:+ShowCodeDetailsInExceptionMessages -agentlib:jdwp=transport=dt_socket,suspend=y,address=localhost:56763 -Dcom.sun.management.jmxremote -Dcom.sun.management.jmxremote.port=56762 -Dcom.sun.management.jmxremote.authenticate=false -Dcom.sun.management.jmxremote.ssl=false -Djava.rmi.server.hostname=localhost -Dspring.jmx.enabled=true -Dmanagement.endpoints.jmx.exposure.include=* -Dspring.application.admin.enabled=true -XX:TieredStopAtLevel=1 -Dspring.boot.project.name=demo -javaagent:C:\Users\raush\Downloads\sts-4.24.0.RELEASE\configuration\org.eclipse.osgi\270\0\.cp\lib\javaagent-shaded.jar -Dfile.encoding=UTF-8 -Dstdout.encoding=UTF-8 -Dstderr.encoding=UTF-8 com.example.demo.CognizentLearningApplication --spring.output.ansi.enabled=always

Host: 12th Gen Intel(R) Core(TM) i7-1255U, 12 cores, 15G,  Windows 11 , 64 bit Build 26100 (10.0.26100.3775)
Time: Thu May  1 01:43:08 2025 India Standard Time elapsed time: 47.832480 seconds (0d 0h 0m 47s)

---------------  T H R E A D  ---------------

Current thread (0x00000215e9eaf970):  JavaThread "main"             [_thread_in_Java, id=25080, stack(0x000000e162b00000,0x000000e162c00000) (1024K)]

Stack: [0x000000e162b00000,0x000000e162c00000],  sp=0x000000e162bfdf48,  free space=1015k
Native frames: (J=compiled Java code, j=interpreted, Vv=VM code, C=native code)
C  0x00000215ef621050

The last pc belongs to _linkToSpecial (printed below).

siginfo: EXCEPTION_ACCESS_VIOLATION (0xc0000005), reading address 0xffffffffffffffff


Registers:
RAX=0x00000215ef5f9086, RBX=0xe0fe608400000000, RCX=0x000000e162bfdf50, RDX=0x0000000000000002
RSP=0x000000e162bfdf48, RBP=0x000000e162bfdf98, RSI=0x0000021580356438, RDI=0x0000021582303070
R8 =0x0000000000000002, R9 =0x0000000000000002, R10=0x00007ffa8bba1a30, R11=0x00000215fb3e7388
R12=0x0000000000000000, R13=0x000000e162bfdf48, R14=0x000000e162bfdfb8, R15=0x00000215e9eaf970
RIP=0x00000215ef621050, EFLAGS=0x0000000000010202


Register to memory mapping:

RAX=0x00000215ef5f9086 is at code_begin+3078 in an Interpreter codelet
return entry points  [0x00000215ef5f8480, 0x00000215ef5fa298]  7704 bytes
RBX=0xe0fe608400000000 is an unknown value
RCX=0x000000e162bfdf50 is pointing into the stack for thread: 0x00000215e9eaf970
RDX=0x0000000000000002 is an unknown value
RSP=0x000000e162bfdf48 is pointing into the stack for thread: 0x00000215e9eaf970
RBP=0x000000e162bfdf98 is pointing into the stack for thread: 0x00000215e9eaf970
RSI=0x0000021580356438 points into unknown readable memory: 0x88001a157acd790d | 0d 79 cd 7a 15 1a 00 88
RDI=0x0000021582303070 points into unknown readable memory: 0x0000001800000070 | 70 00 00 00 18 00 00 00
R8 =0x0000000000000002 is an unknown value
R9 =0x0000000000000002 is an unknown value
R10=0x00007ffa8bba1a30 jvm.dll
R11={method} {0x00000215fb3e7390} 'newInvokeSpecial' '(Ljava/lang/Object;)Ljava/lang/Object;' in 'java/lang/invoke/DirectMethodHandle$Holder'
R12=0x0 is null
R13=0x000000e162bfdf48 is pointing into the stack for thread: 0x00000215e9eaf970
R14=0x000000e162bfdfb8 is pointing into the stack for thread: 0x00000215e9eaf970
R15=0x00000215e9eaf970 is a thread

Top of Stack: (sp=0x000000e162bfdf48)
0x000000e162bfdf48:   00000215ef5f9086 000000e162bfdf50
0x000000e162bfdf58:   00000215fb3e7377 0000000000000004
0x000000e162bfdf68:   00000215fb3eb150 0000000705bd7a60
0x000000e162bfdf78:   00000007050a3868 00000215fb3e7388
0x000000e162bfdf88:   000000e162bfdf48 000000e162bfdfc0
0x000000e162bfdf98:   000000e162bfe330 00000215ef993f4b
0x000000e162bfdfa8:   0000000707f30328 0000000707f303d0
0x000000e162bfdfb8:   0000000707f30388 0000000707f30138
0x000000e162bfdfc8:   0000000000000000 000000e162bfe330
0x000000e162bfdfd8:   00000215efefc28c 0000000000000000
0x000000e162bfdfe8:   0000000000000000 0000000000000000
0x000000e162bfdff8:   0000000000000000 0000000000000000
0x000000e162bfe008:   0000000000000000 0000000000000000
0x000000e162bfe018:   0000000000000000 0000000000000000
0x000000e162bfe028:   0000000000000000 0000000000000000
0x000000e162bfe038:   00000007050a2bf0 0000000705bd7a60
0x000000e162bfe048:   0000000707f30000 0000000707f30000
0x000000e162bfe058:   0000000707f30138 0000000707f303b8
0x000000e162bfe068:   0000000707f30190 0000000705bd7a60
0x000000e162bfe078:   0000000000000001 000000e162bfe330
0x000000e162bfe088:   0000021500000000 0000000000000000
0x000000e162bfe098:   0000000000000000 0000000707f30388
0x000000e162bfe0a8:   00000215ef995fdc 0000000000000000
0x000000e162bfe0b8:   0000000000000000 0000000000000000
0x000000e162bfe0c8:   0000000000000000 00000215e9eaf970
0x000000e162bfe0d8:   0000000000000000 0000000707f30138
0x000000e162bfe0e8:   0000000000000000 0000000707f30000
0x000000e162bfe0f8:   0000000707f303b8 0000000707f30138
0x000000e162bfe108:   0000000000000000 0000000707f30000
0x000000e162bfe118:   00000215ef99346c 000000e162bfe330
0x000000e162bfe128:   00000215ef98ed6a 0000000000000000
0x000000e162bfe138:   00000215ef8f6129 00000215e9eaf970 

Instructions: (pc=0x00000215ef621050)
0x00000215ef620f50:   bf e0 05 00 00 00 74 03 ff 63 38 ff 63 50 e9 9d
0x00000215ef620f60:   16 00 00 66 66 66 0f 1f 84 00 00 00 00 00 66 66
0x00000215ef620f70:   66 90 66 66 0f 1f 84 00 00 00 00 00 66 66 66 90
0x00000215ef620f80:   48 8b 53 08 0f b7 52 2e 48 8b 0c d4 58 5b 50 44
0x00000215ef620f90:   8b 51 08 49 bb 00 00 00 00 08 00 00 00 4d 03 d3
0x00000215ef620fa0:   4c 8b 5b 10 4b 8b 9c da c8 01 00 00 48 85 db 0f
0x00000215ef620fb0:   84 10 00 00 00 41 80 bf e0 05 00 00 00 74 03 ff
0x00000215ef620fc0:   63 38 ff 63 50 e9 36 16 00 00 66 66 66 0f 1f 84
0x00000215ef620fd0:   00 00 00 00 00 66 66 66 90 0f 1f 80 00 00 00 00
0x00000215ef620fe0:   58 5b 50 8b 5b 24 48 c1 e3 03 48 8b 5b 10 48 85
0x00000215ef620ff0:   db 0f 84 10 00 00 00 41 80 bf e0 05 00 00 00 74
0x00000215ef621000:   03 ff 63 38 ff 63 50 e9 f4 15 00 00 66 66 66 0f
0x00000215ef621010:   1f 84 00 00 00 00 00 66 66 66 90 0f 1f 44 00 00
0x00000215ef621020:   48 8b 53 08 0f b7 52 2e 48 8b 0c d4 58 5b 50 48
0x00000215ef621030:   3b 01 8b 5b 24 48 c1 e3 03 48 8b 5b 10 48 85 db
0x00000215ef621040:   0f 84 10 00 00 00 41 80 bf e0 05 00 00 00 74 03
0x00000215ef621050:   ff 63 38 ff 63 50 e9 a5 15 00 00 0f 1f 44 00 00
0x00000215ef621060:   48 8b 53 08 0f b7 52 2e 48 8b 0c d4 58 5b 50 44
0x00000215ef621070:   8b 51 08 49 bb 00 00 00 00 08 00 00 00 4d 03 d3
0x00000215ef621080:   8b 43 18 48 c1 e0 03 48 8b 40 10 48 8b 5b 10 45
0x00000215ef621090:   8b 9a a0 00 00 00 4f 8d 9c da c8 01 00 00 4d 8d
0x00000215ef6210a0:   14 da 49 8b 1b 48 3b c3 74 15 48 85 db 0f 84 32
0x00000215ef6210b0:   00 00 00 49 83 c3 10 49 8b 1b 48 3b c3 75 eb 45
0x00000215ef6210c0:   8b 5b 08 4b 8b 1c 1a 48 85 db 0f 84 10 00 00 00
0x00000215ef6210d0:   41 80 bf e0 05 00 00 00 74 03 ff 63 38 ff 63 50
0x00000215ef6210e0:   e9 1b 15 00 00 e9 16 12 00 00 f4 00 00 00 00 00
0x00000215ef6210f0:   00 00 00 00 00 00 00 00 00 00 00 00 00 00 00 00
0x00000215ef621100:   00 00 00 00 00 00 00 00 00 00 00 00 00 00 00 00
0x00000215ef621110:   00 00 00 00 00 00 00 00 00 00 00 00 00 00 00 00
0x00000215ef621120:   00 00 00 00 00 00 00 00 00 00 00 00 00 00 00 00
0x00000215ef621130:   00 00 00 00 00 00 00 00 00 00 00 00 00 00 00 00
0x00000215ef621140:   00 00 00 00 00 00 00 00 00 00 00 00 00 00 00 00 


Stack slot to memory mapping:

stack at sp + 0 slots: 0x00000215ef5f9086 is at code_begin+3078 in an Interpreter codelet
return entry points  [0x00000215ef5f8480, 0x00000215ef5fa298]  7704 bytes
stack at sp + 1 slots: 0x000000e162bfdf50 is pointing into the stack for thread: 0x00000215e9eaf970
stack at sp + 2 slots: 0x00000215fb3e7377 is pointing into metadata
stack at sp + 3 slots: 0x0000000000000004 is an unknown value
stack at sp + 4 slots: 0x00000215fb3eb150 is pointing into metadata
stack at sp + 5 slots: 0x0000000705bd7a60 is an oop: java.lang.Class 
{0x0000000705bd7a60} - klass: 'java/lang/Class'
 - ---- fields (total size 14 words):
 - private volatile transient 'classRedefinedCount' 'I' @12  1 (0x00000001)
 - injected 'klass' 'J' @16  34363647160 (0x00000008003ba4b8)
 - injected 'array_klass' 'J' @24  0 (0x0000000000000000)
 - injected 'oop_size' 'I' @32  14 (0x0000000e)
 - injected 'static_oop_field_count' 'I' @36  0 (0x00000000)
 - private volatile transient 'cachedConstructor' 'Ljava/lang/reflect/Constructor;' @40  null (0x00000000)
 - private transient 'name' 'Ljava/lang/String;' @44  "com.example.demo.controller.CtsController"{0x0000000705bd7ad0} (0xe0b7af5a)
 - private transient 'module' 'Ljava/lang/Module;' @48  a 'java/lang/Module'{0x00000007050ed068} (0xe0a1da0d)
 - private final 'classLoader' 'Ljava/lang/ClassLoader;' @52  a 'jdk/internal/loader/ClassLoaders$AppClassLoader'{0x0000000705079f78} (0xe0a0f3ef)
 - private transient 'classData' 'Ljava/lang/Object;' @56  null (0x00000000)
 - private transient 'packageName' 'Ljava/lang/String;' @60  "com.example.demo.controller"{0x0000000705bd7b28} (0xe0b7af65)
 - private final 'componentType' 'Ljava/lang/Class;' @64  null (0x00000000)
 - private volatile transient 'reflectionData' 'Ljava/lang/ref/SoftReference;' @68  a 'java/lang/ref/SoftReference'{0x000000070540b4f0} (0xe0a8169e)
 - private volatile transient 'genericInfo' 'Lsun/reflect/generics/repository/ClassRepository;' @72  null (0x00000000)
 - private volatile transient 'enumConstants' '[Ljava/lang/Object;' @76  null (0x00000000)
 - private volatile transient 'enumConstantDirectory' 'Ljava/util/Map;' @80  null (0x00000000)
 - private volatile transient 'annotationData' 'Ljava/lang/Class$AnnotationData;' @84  a 'java/lang/Class$AnnotationData'{0x000000070540b408} (0xe0a81681)
 - private volatile transient 'annotationType' 'Lsun/reflect/annotation/AnnotationType;' @88  null (0x00000000)
 - transient 'classValueMap' 'Ljava/lang/ClassValue$ClassValueMap;' @92  null (0x00000000)
 - injected 'protection_domain' 'Ljava/lang/Object;' @96  a 'java/security/ProtectionDomain'{0x000000070566cd70} (0xe0acd9ae)
 - injected 'signers_name' 'Ljava/lang/Object;' @100  null (0x00000000)
 - injected 'source_file' 'Ljava/lang/Object;' @104  null (0x00000000)
 - signature: Lcom/example/demo/controller/CtsController;
 - ---- static fields (0):
stack at sp + 6 slots: 0x00000007050a3868 is an oop: java.lang.Class 
{0x00000007050a3868} - klass: 'java/lang/Class'
 - ---- fields (total size 14 words):
 - private volatile transient 'classRedefinedCount' 'I' @12  0 (0x00000000)
 - injected 'klass' 'J' @16  34359945312 (0x0000000800032860)
 - injected 'array_klass' 'J' @24  0 (0x0000000000000000)
 - injected 'oop_size' 'I' @32  14 (0x0000000e)
 - injected 'static_oop_field_count' 'I' @36  0 (0x00000000)
 - private volatile transient 'cachedConstructor' 'Ljava/lang/reflect/Constructor;' @40  null (0x00000000)
 - private transient 'name' 'Ljava/lang/String;' @44  null (0x00000000)
 - private transient 'module' 'Ljava/lang/Module;' @48  a 'java/lang/Module'{0x00000007050940b0} (0xe0a12816)
 - private final 'classLoader' 'Ljava/lang/ClassLoader;' @52  null (0x00000000)
 - private transient 'classData' 'Ljava/lang/Object;' @56  null (0x00000000)
 - private transient 'packageName' 'Ljava/lang/String;' @60  null (0x00000000)
 - private final 'componentType' 'Ljava/lang/Class;' @64  null (0x00000000)
 - private volatile transient 'reflectionData' 'Ljava/lang/ref/SoftReference;' @68  null (0x00000000)
 - private volatile transient 'genericInfo' 'Lsun/reflect/generics/repository/ClassRepository;' @72  null (0x00000000)
 - private volatile transient 'enumConstants' '[Ljava/lang/Object;' @76  null (0x00000000)
 - private volatile transient 'enumConstantDirectory' 'Ljava/util/Map;' @80  null (0x00000000)
 - private volatile transient 'annotationData' 'Ljava/lang/Class$AnnotationData;' @84  null (0x00000000)
 - private volatile transient 'annotationType' 'Lsun/reflect/annotation/AnnotationType;' @88  null (0x00000000)
 - transient 'classValueMap' 'Ljava/lang/ClassValue$ClassValueMap;' @92  null (0x00000000)
 - injected 'protection_domain' 'Ljava/lang/Object;' @96  null (0x00000000)
 - injected 'signers_name' 'Ljava/lang/Object;' @100  null (0x00000000)
 - injected 'source_file' 'Ljava/lang/Object;' @104  null (0x00000000)
 - signature: Ljava/lang/invoke/DirectMethodHandle$Holder;
 - ---- static fields (0):
stack at sp + 7 slots: {method} {0x00000215fb3e7390} 'newInvokeSpecial' '(Ljava/lang/Object;)Ljava/lang/Object;' in 'java/lang/invoke/DirectMethodHandle$Holder'

MethodHandle::interpreter_entry::_linkToSpecial [0x00000215ef62100c, 0x00000215ef62105b] (79 bytes)
[MachCode]
  0x00000215ef62100c: 6666 660f | 1f84 0000 | 0000 0066 | 6666 900f | 1f44 0000 | 488b 5308 | 0fb7 522e | 488b 0cd4 
  0x00000215ef62102c: 585b 5048 | 3b01 8b5b | 2448 c1e3 | 0348 8b5b | 1048 85db | 0f84 1000 | 0000 4180 | bfe0 0500 
  0x00000215ef62104c: 0000 7403 | ff63 38ff | 6350 e9a5 | 
[/MachCode]

---------------  P R O C E S S  ---------------

Threads class SMR info:
_java_thread_list=0x00000215803d4e00, length=25, elements={
0x00000215e9eaf970, 0x00000215ff0a3f20, 0x00000215ff0a46c0, 0x00000215ff071ea0,
0x00000215ff072900, 0x00000215ff073360, 0x00000215ff0bafa0, 0x00000215ff0bca10,
0x00000215fabf1310, 0x00000215ff30b2b0, 0x00000215ff30fd60, 0x00000215ff3103e0,
0x00000215ffb0a2b0, 0x00000215ffd18820, 0x00000215ffd3e200, 0x00000215ffdbcbe0,
0x0000021580234470, 0x000002158026c4f0, 0x0000021580270430, 0x00000215802c1020,
0x000002158109ca10, 0x000002158109d730, 0x000002158109afd0, 0x000002158109ddc0,
0x000002158109b660
}

Java Threads: ( => current thread )
=>0x00000215e9eaf970 JavaThread "main"                              [_thread_in_Java, id=25080, stack(0x000000e162b00000,0x000000e162c00000) (1024K)]
  0x00000215ff0a3f20 JavaThread "Reference Handler"          daemon [_thread_blocked, id=8580, stack(0x000000e163400000,0x000000e163500000) (1024K)]
  0x00000215ff0a46c0 JavaThread "Finalizer"                  daemon [_thread_blocked, id=25952, stack(0x000000e163500000,0x000000e163600000) (1024K)]
  0x00000215ff071ea0 JavaThread "Signal Dispatcher"          daemon [_thread_blocked, id=28500, stack(0x000000e163600000,0x000000e163700000) (1024K)]
  0x00000215ff072900 JavaThread "Attach Listener"            daemon [_thread_blocked, id=37944, stack(0x000000e163700000,0x000000e163800000) (1024K)]
  0x00000215ff073360 JavaThread "Service Thread"             daemon [_thread_blocked, id=32184, stack(0x000000e163800000,0x000000e163900000) (1024K)]
  0x00000215ff0bafa0 JavaThread "Monitor Deflation Thread"   daemon [_thread_blocked, id=26412, stack(0x000000e163900000,0x000000e163a00000) (1024K)]
  0x00000215ff0bca10 JavaThread "C1 CompilerThread0"         daemon [_thread_blocked, id=14676, stack(0x000000e163a00000,0x000000e163b00000) (1024K)]
  0x00000215fabf1310 JavaThread "Common-Cleaner"             daemon [_thread_blocked, id=17704, stack(0x000000e163b00000,0x000000e163c00000) (1024K)]
  0x00000215ff30b2b0 JavaThread "JDWP Transport Listener: dt_socket" daemon [_thread_blocked, id=34432, stack(0x000000e163e00000,0x000000e163f00000) (1024K)]
  0x00000215ff30fd60 JavaThread "JDWP Event Helper Thread"   daemon [_thread_blocked, id=30856, stack(0x000000e163f00000,0x000000e164000000) (1024K)]
  0x00000215ff3103e0 JavaThread "JDWP Command Reader"        daemon [_thread_in_native, id=38632, stack(0x000000e164000000,0x000000e164100000) (1024K)]
  0x00000215ffb0a2b0 JavaThread "Notification Thread"        daemon [_thread_blocked, id=32196, stack(0x000000e164100000,0x000000e164200000) (1024K)]
  0x00000215ffd18820 JavaThread "RMI TCP Accept-0"           daemon [_thread_in_native, id=26536, stack(0x000000e164200000,0x000000e164300000) (1024K)]
  0x00000215ffd3e200 JavaThread "RMI TCP Accept-56762"       daemon [_thread_in_native, id=23848, stack(0x000000e164300000,0x000000e164400000) (1024K)]
  0x00000215ffdbcbe0 JavaThread "RMI TCP Accept-0"           daemon [_thread_in_native, id=37624, stack(0x000000e164c00000,0x000000e164d00000) (1024K)]
  0x0000021580234470 JavaThread "RMI TCP Connection(idle)"   daemon [_thread_blocked, id=16280, stack(0x000000e164d00000,0x000000e164e00000) (1024K)]
  0x000002158026c4f0 JavaThread "RMI Scheduler(0)"           daemon [_thread_blocked, id=34368, stack(0x000000e164e00000,0x000000e164f00000) (1024K)]
  0x0000021580270430 JavaThread "RMI TCP Connection(2)-127.0.0.1" daemon [_thread_in_native, id=26996, stack(0x000000e164f00000,0x000000e165000000) (1024K)]
  0x00000215802c1020 JavaThread "JMX server connection timeout 39" daemon [_thread_blocked, id=18888, stack(0x000000e165000000,0x000000e165100000) (1024K)]
  0x000002158109ca10 JavaThread "Catalina-utility-1"                [_thread_blocked, id=17964, stack(0x000000e165400000,0x000000e165500000) (1024K)]
  0x000002158109d730 JavaThread "Catalina-utility-2"                [_thread_blocked, id=24212, stack(0x000000e165600000,0x000000e165700000) (1024K)]
  0x000002158109afd0 JavaThread "container-0"                       [_thread_blocked, id=13980, stack(0x000000e165700000,0x000000e165800000) (1024K)]
  0x000002158109ddc0 JavaThread "mysql-cj-abandoned-connection-cleanup" daemon [_thread_blocked, id=29184, stack(0x000000e165800000,0x000000e165900000) (1024K)]
  0x000002158109b660 JavaThread "HikariPool-1 housekeeper"   daemon [_thread_blocked, id=36912, stack(0x000000e165a00000,0x000000e165b00000) (1024K)]
Total: 25

Other Threads:
  0x00000215fac3e230 VMThread "VM Thread"                           [id=32188, stack(0x000000e163300000,0x000000e163400000) (1024K)]
  0x00000215fabedb50 WatcherThread "VM Periodic Task Thread"        [id=30096, stack(0x000000e163200000,0x000000e163300000) (1024K)]
  0x00000215ebacfc80 WorkerThread "GC Thread#0"                     [id=21984, stack(0x000000e162d00000,0x000000e162e00000) (1024K)]
  0x00000215ffd46c90 WorkerThread "GC Thread#1"                     [id=36236, stack(0x000000e164400000,0x000000e164500000) (1024K)]
  0x00000215ffd47030 WorkerThread "GC Thread#2"                     [id=28252, stack(0x000000e164500000,0x000000e164600000) (1024K)]
  0x00000215ffd473d0 WorkerThread "GC Thread#3"                     [id=33288, stack(0x000000e164600000,0x000000e164700000) (1024K)]
  0x00000215ffd47770 WorkerThread "GC Thread#4"                     [id=18836, stack(0x000000e164700000,0x000000e164800000) (1024K)]
  0x00000215ffd47b10 WorkerThread "GC Thread#5"                     [id=17992, stack(0x000000e164800000,0x000000e164900000) (1024K)]
  0x00000215ffd8b060 WorkerThread "GC Thread#6"                     [id=27388, stack(0x000000e164900000,0x000000e164a00000) (1024K)]
  0x00000215ffd8b400 WorkerThread "GC Thread#7"                     [id=31368, stack(0x000000e164a00000,0x000000e164b00000) (1024K)]
  0x00000215ffd8f7b0 WorkerThread "GC Thread#8"                     [id=37736, stack(0x000000e164b00000,0x000000e164c00000) (1024K)]
  0x000002158037c510 WorkerThread "GC Thread#9"                     [id=27288, stack(0x000000e165100000,0x000000e165200000) (1024K)]
  0x00000215ebae0680 ConcurrentGCThread "G1 Main Marker"            [id=17452, stack(0x000000e162e00000,0x000000e162f00000) (1024K)]
  0x00000215ebae1090 WorkerThread "G1 Conc#0"                       [id=6964, stack(0x000000e162f00000,0x000000e163000000) (1024K)]
  0x000002158037c170 WorkerThread "G1 Conc#1"                       [id=10432, stack(0x000000e165200000,0x000000e165300000) (1024K)]
  0x000002158037af50 WorkerThread "G1 Conc#2"                       [id=20612, stack(0x000000e165300000,0x000000e165400000) (1024K)]
  0x00000215faac3000 ConcurrentGCThread "G1 Refine#0"               [id=37964, stack(0x000000e163000000,0x000000e163100000) (1024K)]
  0x00000215faac3820 ConcurrentGCThread "G1 Service"                [id=19708, stack(0x000000e163100000,0x000000e163200000) (1024K)]
Total: 18

Threads with active compile tasks:
Total: 0

VM state: not at safepoint (normal execution)

VM Mutex/Monitor currently owned by a thread: None

Heap address: 0x0000000704e00000, size: 4018 MB, Compressed Oops mode: Zero based, Oop shift amount: 3

CDS archive(s) not mapped
Compressed class space mapped at: 0x0000000800000000-0x0000000840000000, reserved size: 1073741824
Narrow klass base: 0x0000000800000000, Narrow klass shift: 0, Narrow klass range: 0x40000000

GC Precious Log:
 CardTable entry size: 512
 Card Set container configuration: InlinePtr #cards 4 size 8 Array Of Cards #cards 16 size 48 Howl #buckets 8 coarsen threshold 3686 Howl Bitmap #cards 512 size 80 coarsen threshold 460 Card regions per heap region 1 cards per card region 4096
 CPUs: 12 total, 12 available
 Memory: 16068M
 Large Page Support: Disabled
 NUMA Support: Disabled
 Compressed Oops: Enabled (Zero based)
 Heap Region Size: 2M
 Heap Min Capacity: 8M
 Heap Initial Capacity: 252M
 Heap Max Capacity: 4018M
 Pre-touch: Disabled
 Parallel Workers: 10
 Concurrent Workers: 3
 Concurrent Refinement Workers: 10
 Periodic GC: Disabled

Heap:
 garbage-first heap   total 90112K, used 62691K [0x0000000704e00000, 0x0000000800000000)
  region size 2048K, 24 young (49152K), 3 survivors (6144K)
 Metaspace       used 68564K, committed 69184K, reserved 1114112K
  class space    used 8945K, committed 9216K, reserved 1048576K

Heap Regions: E=young(eden), S=young(survivor), O=old, HS=humongous(starts), HC=humongous(continues), CS=collection set, F=free, TAMS=top-at-mark-start, PB=parsable bottom
|   0|0x0000000704e00000, 0x0000000705000000, 0x0000000705000000|100%| O|  |TAMS 0x0000000704e00000| PB 0x0000000704e00000| Untracked 
|   1|0x0000000705000000, 0x0000000705200000, 0x0000000705200000|100%| O|  |TAMS 0x0000000705000000| PB 0x0000000705000000| Untracked 
|   2|0x0000000705200000, 0x0000000705400000, 0x0000000705400000|100%| O|  |TAMS 0x0000000705200000| PB 0x0000000705200000| Untracked 
|   3|0x0000000705400000, 0x0000000705600000, 0x0000000705600000|100%| O|Cm|TAMS 0x0000000705400000| PB 0x0000000705400000| Complete 
|   4|0x0000000705600000, 0x0000000705800000, 0x0000000705800000|100%| O|  |TAMS 0x0000000705600000| PB 0x0000000705600000| Untracked 
|   5|0x0000000705800000, 0x0000000705a00000, 0x0000000705a00000|100%| O|  |TAMS 0x0000000705800000| PB 0x0000000705800000| Untracked 
|   6|0x0000000705a00000, 0x0000000705c00000, 0x0000000705c00000|100%| O|  |TAMS 0x0000000705a00000| PB 0x0000000705a00000| Untracked 
|   7|0x0000000705c00000, 0x0000000705e00000, 0x0000000705e00000|100%| O|  |TAMS 0x0000000705c00000| PB 0x0000000705c00000| Untracked 
|   8|0x0000000705e00000, 0x0000000706000000, 0x0000000706000000|100%| O|  |TAMS 0x0000000705e00000| PB 0x0000000705e00000| Untracked 
|   9|0x0000000706000000, 0x0000000706010290, 0x0000000706200000|  3%| O|  |TAMS 0x0000000706000000| PB 0x0000000706000000| Untracked 
|  10|0x0000000706200000, 0x0000000706200000, 0x0000000706400000|  0%| F|  |TAMS 0x0000000706200000| PB 0x0000000706200000| Untracked 
|  11|0x0000000706400000, 0x0000000706400000, 0x0000000706600000|  0%| F|  |TAMS 0x0000000706400000| PB 0x0000000706400000| Untracked 
|  12|0x0000000706600000, 0x0000000706600000, 0x0000000706800000|  0%| F|  |TAMS 0x0000000706600000| PB 0x0000000706600000| Untracked 
|  13|0x0000000706800000, 0x0000000706800000, 0x0000000706a00000|  0%| F|  |TAMS 0x0000000706800000| PB 0x0000000706800000| Untracked 
|  14|0x0000000706a00000, 0x0000000706a00000, 0x0000000706c00000|  0%| F|  |TAMS 0x0000000706a00000| PB 0x0000000706a00000| Untracked 
|  15|0x0000000706c00000, 0x0000000706d28be0, 0x0000000706e00000| 57%| S|CS|TAMS 0x0000000706c00000| PB 0x0000000706c00000| Complete 
|  16|0x0000000706e00000, 0x0000000707000000, 0x0000000707000000|100%| S|CS|TAMS 0x0000000706e00000| PB 0x0000000706e00000| Complete 
|  17|0x0000000707000000, 0x0000000707200000, 0x0000000707200000|100%| S|CS|TAMS 0x0000000707000000| PB 0x0000000707000000| Complete 
|  18|0x0000000707200000, 0x0000000707200000, 0x0000000707400000|  0%| F|  |TAMS 0x0000000707200000| PB 0x0000000707200000| Untracked 
|  19|0x0000000707400000, 0x0000000707400000, 0x0000000707600000|  0%| F|  |TAMS 0x0000000707400000| PB 0x0000000707400000| Untracked 
|  20|0x0000000707600000, 0x0000000707600000, 0x0000000707800000|  0%| F|  |TAMS 0x0000000707600000| PB 0x0000000707600000| Untracked 
|  21|0x0000000707800000, 0x0000000707800000, 0x0000000707a00000|  0%| F|  |TAMS 0x0000000707800000| PB 0x0000000707800000| Untracked 
|  22|0x0000000707a00000, 0x0000000707a00000, 0x0000000707c00000|  0%| F|  |TAMS 0x0000000707a00000| PB 0x0000000707a00000| Untracked 
|  23|0x0000000707c00000, 0x0000000707db9030, 0x0000000707e00000| 86%| E|  |TAMS 0x0000000707c00000| PB 0x0000000707c00000| Complete 
|  24|0x0000000707e00000, 0x0000000708000000, 0x0000000708000000|100%| E|CS|TAMS 0x0000000707e00000| PB 0x0000000707e00000| Complete 
|  25|0x0000000708000000, 0x0000000708200000, 0x0000000708200000|100%| E|CS|TAMS 0x0000000708000000| PB 0x0000000708000000| Complete 
|  26|0x0000000708200000, 0x0000000708400000, 0x0000000708400000|100%| E|CS|TAMS 0x0000000708200000| PB 0x0000000708200000| Complete 
|  27|0x0000000708400000, 0x0000000708600000, 0x0000000708600000|100%| E|CS|TAMS 0x0000000708400000| PB 0x0000000708400000| Complete 
|  28|0x0000000708600000, 0x0000000708800000, 0x0000000708800000|100%| E|CS|TAMS 0x0000000708600000| PB 0x0000000708600000| Complete 
|  29|0x0000000708800000, 0x0000000708a00000, 0x0000000708a00000|100%| E|CS|TAMS 0x0000000708800000| PB 0x0000000708800000| Complete 
|  30|0x0000000708a00000, 0x0000000708c00000, 0x0000000708c00000|100%| E|CS|TAMS 0x0000000708a00000| PB 0x0000000708a00000| Complete 
|  31|0x0000000708c00000, 0x0000000708e00000, 0x0000000708e00000|100%| E|CS|TAMS 0x0000000708c00000| PB 0x0000000708c00000| Complete 
|  32|0x0000000708e00000, 0x0000000709000000, 0x0000000709000000|100%| E|CS|TAMS 0x0000000708e00000| PB 0x0000000708e00000| Complete 
|  33|0x0000000709000000, 0x0000000709200000, 0x0000000709200000|100%| E|CS|TAMS 0x0000000709000000| PB 0x0000000709000000| Complete 
|  34|0x0000000709200000, 0x0000000709400000, 0x0000000709400000|100%| E|CS|TAMS 0x0000000709200000| PB 0x0000000709200000| Complete 
|  35|0x0000000709400000, 0x0000000709600000, 0x0000000709600000|100%| E|  |TAMS 0x0000000709400000| PB 0x0000000709400000| Complete 
|  36|0x0000000709600000, 0x0000000709800000, 0x0000000709800000|100%| E|CS|TAMS 0x0000000709600000| PB 0x0000000709600000| Complete 
|  37|0x0000000709800000, 0x0000000709a00000, 0x0000000709a00000|100%| E|CS|TAMS 0x0000000709800000| PB 0x0000000709800000| Complete 
|  38|0x0000000709a00000, 0x0000000709c00000, 0x0000000709c00000|100%| E|CS|TAMS 0x0000000709a00000| PB 0x0000000709a00000| Complete 
|  39|0x0000000709c00000, 0x0000000709e00000, 0x0000000709e00000|100%| E|CS|TAMS 0x0000000709c00000| PB 0x0000000709c00000| Complete 
|  40|0x0000000709e00000, 0x000000070a000000, 0x000000070a000000|100%| E|CS|TAMS 0x0000000709e00000| PB 0x0000000709e00000| Complete 
|  41|0x000000070a000000, 0x000000070a200000, 0x000000070a200000|100%| E|CS|TAMS 0x000000070a000000| PB 0x000000070a000000| Complete 
|  42|0x000000070a200000, 0x000000070a400000, 0x000000070a400000|100%| E|CS|TAMS 0x000000070a200000| PB 0x000000070a200000| Complete 
| 125|0x0000000714800000, 0x0000000714a00000, 0x0000000714a00000|100%| E|CS|TAMS 0x0000000714800000| PB 0x0000000714800000| Complete 

Card table byte_map: [0x00000215f3870000,0x00000215f4050000] _byte_map_base: 0x00000215f0049000

Marking Bits: (CMBitMap*) 0x00000215ebad0290
 Bits: [0x00000215f4050000, 0x00000215f7f18000)

Polling page: 0x00000215ea1b0000

Metaspace:

Usage:
  Non-class:     58.22 MB used.
      Class:      8.74 MB used.
       Both:     66.96 MB used.

Virtual space:
  Non-class space:       64.00 MB reserved,      58.56 MB ( 92%) committed,  1 nodes.
      Class space:        1.00 GB reserved,       9.00 MB ( <1%) committed,  1 nodes.
             Both:        1.06 GB reserved,      67.56 MB (  6%) committed. 

Chunk freelists:
   Non-Class:  4.86 MB
       Class:  7.00 MB
        Both:  11.86 MB

MaxMetaspaceSize: unlimited
CompressedClassSpaceSize: 1.00 GB
Initial GC threshold: 21.00 MB
Current GC threshold: 98.06 MB
CDS: off
 - commit_granule_bytes: 65536.
 - commit_granule_words: 8192.
 - virtual_space_node_default_size: 8388608.
 - enlarge_chunks_in_place: 1.
 - use_allocation_guard: 0.


Internal statistics:

num_allocs_failed_limit: 9.
num_arena_births: 776.
num_arena_deaths: 0.
num_vsnodes_births: 2.
num_vsnodes_deaths: 0.
num_space_committed: 1081.
num_space_uncommitted: 0.
num_chunks_returned_to_freelist: 9.
num_chunks_taken_from_freelist: 2714.
num_chunk_merges: 6.
num_chunk_splits: 1964.
num_chunks_enlarged: 1539.
num_inconsistent_stats: 0.

CodeCache: size=49152Kb used=10353Kb max_used=11812Kb free=38798Kb
 bounds [0x00000215ef5f0000, 0x00000215f0180000, 0x00000215f25f0000]
 total_blobs=5958 nmethods=5253 adapters=626
 compilation: enabled
              stopped_count=0, restarted_count=0
 full_count=0

Compilation events (20 events):
Event: 45.747 Thread 0x00000215ff0bca10 5297       1       java.lang.invoke.LambdaForm$MH/0x00000008001b3c00::invoke (101 bytes)
Event: 45.747 Thread 0x00000215ff0bca10 nmethod 5297 0x00000215efcb7890 code [0x00000215efcb7aa0, 0x00000215efcb7e48]
Event: 45.747 Thread 0x00000215ff0bca10 5298       1       java.lang.invoke.LambdaForm$MH/0x00000008001b3000::invoke (48 bytes)
Event: 45.747 Thread 0x00000215ff0bca10 nmethod 5298 0x00000215efcb7290 code [0x00000215efcb7460, 0x00000215efcb7668]
Event: 45.747 Thread 0x00000215ff0bca10 5299       1       com.sun.jmx.remote.util.ClassLogger::trace (14 bytes)
Event: 45.747 Thread 0x00000215ff0bca10 nmethod 5299 0x00000215efcb6f10 code [0x00000215efcb70c0, 0x00000215efcb71d8]
Event: 45.747 Thread 0x00000215ff0bca10 5300       1       java.io.ObjectOutputStream$HandleTable::growEntries (58 bytes)
Event: 45.748 Thread 0x00000215ff0bca10 nmethod 5300 0x00000215efcb6790 code [0x00000215efcb6960, 0x00000215efcb6d98]
Event: 46.248 Thread 0x00000215ff0bca10 5301       1       java.io.ObjectInputFilter$Config$Global$$Lambda/0x0000000800169150::apply (12 bytes)
Event: 46.249 Thread 0x00000215ff0bca10 nmethod 5301 0x00000215efcb6310 code [0x00000215efcb64c0, 0x00000215efcb6658]
Event: 46.249 Thread 0x00000215ff0bca10 5302       1       java.io.ObjectInputFilter$Config$Global::lambda$new$1 (18 bytes)
Event: 46.249 Thread 0x00000215ff0bca10 nmethod 5302 0x00000215efcb5f10 code [0x00000215efcb60c0, 0x00000215efcb61e8]
Event: 46.249 Thread 0x00000215ff0bca10 5303       1       java.io.ObjectInputFilter$Config$Global::matchesPackage (9 bytes)
Event: 46.249 Thread 0x00000215ff0bca10 nmethod 5303 0x00000215efcb5b10 code [0x00000215efcb5cc0, 0x00000215efcb5dd0]
Event: 46.250 Thread 0x00000215ff0bca10 5304       1       java.io.ObjectInputFilter$Config$Global$$Lambda/0x0000000800168cd0::apply (12 bytes)
Event: 46.250 Thread 0x00000215ff0bca10 nmethod 5304 0x00000215efcb5690 code [0x00000215efcb5840, 0x00000215efcb59e0]
Event: 46.250 Thread 0x00000215ff0bca10 5305       1       java.io.ObjectInputFilter$Config$Global::lambda$new$7 (21 bytes)
Event: 46.250 Thread 0x00000215ff0bca10 nmethod 5305 0x00000215efcb5290 code [0x00000215efcb5440, 0x00000215efcb5570]
Event: 46.752 Thread 0x00000215ff0bca10 5306       1       java.io.ObjectStreamClass$FieldReflectorKey::hashCode (5 bytes)
Event: 46.752 Thread 0x00000215ff0bca10 nmethod 5306 0x00000215efcb4f90 code [0x00000215efcb5120, 0x00000215efcb51e8]

GC Heap History (20 events):
Event: 1.744 GC heap before
{Heap before GC invocations=5 (full 0):
 garbage-first heap   total 53248K, used 36932K [0x0000000704e00000, 0x0000000800000000)
  region size 2048K, 15 young (30720K), 2 survivors (4096K)
 Metaspace       used 27086K, committed 27456K, reserved 1114112K
  class space    used 3025K, committed 3200K, reserved 1048576K
}
Event: 1.748 GC heap after
{Heap after GC invocations=6 (full 0):
 garbage-first heap   total 53248K, used 10662K [0x0000000704e00000, 0x0000000800000000)
  region size 2048K, 2 young (4096K), 2 survivors (4096K)
 Metaspace       used 27086K, committed 27456K, reserved 1114112K
  class space    used 3025K, committed 3200K, reserved 1048576K
}
Event: 1.845 GC heap before
{Heap before GC invocations=6 (full 0):
 garbage-first heap   total 53248K, used 35238K [0x0000000704e00000, 0x0000000800000000)
  region size 2048K, 15 young (30720K), 2 survivors (4096K)
 Metaspace       used 29514K, committed 29888K, reserved 1114112K
  class space    used 3343K, committed 3520K, reserved 1048576K
}
Event: 1.849 GC heap after
{Heap after GC invocations=7 (full 0):
 garbage-first heap   total 155648K, used 11304K [0x0000000704e00000, 0x0000000800000000)
  region size 2048K, 2 young (4096K), 2 survivors (4096K)
 Metaspace       used 29514K, committed 29888K, reserved 1114112K
  class space    used 3343K, committed 3520K, reserved 1048576K
}
Event: 2.605 GC heap before
{Heap before GC invocations=7 (full 0):
 garbage-first heap   total 155648K, used 95272K [0x0000000704e00000, 0x0000000800000000)
  region size 2048K, 45 young (92160K), 2 survivors (4096K)
 Metaspace       used 35537K, committed 35968K, reserved 1114112K
  class space    used 4200K, committed 4416K, reserved 1048576K
}
Event: 2.614 GC heap after
{Heap after GC invocations=8 (full 0):
 garbage-first heap   total 155648K, used 14912K [0x0000000704e00000, 0x0000000800000000)
  region size 2048K, 3 young (6144K), 3 survivors (6144K)
 Metaspace       used 35537K, committed 35968K, reserved 1114112K
  class space    used 4200K, committed 4416K, reserved 1048576K
}
Event: 3.101 GC heap before
{Heap before GC invocations=9 (full 0):
 garbage-first heap   total 61440K, used 59968K [0x0000000704e00000, 0x0000000800000000)
  region size 2048K, 25 young (51200K), 3 survivors (6144K)
 Metaspace       used 39365K, committed 39872K, reserved 1114112K
  class space    used 4776K, committed 4992K, reserved 1048576K
}
Event: 3.114 GC heap after
{Heap after GC invocations=10 (full 0):
 garbage-first heap   total 71680K, used 17923K [0x0000000704e00000, 0x0000000800000000)
  region size 2048K, 5 young (10240K), 5 survivors (10240K)
 Metaspace       used 39365K, committed 39872K, reserved 1114112K
  class space    used 4776K, committed 4992K, reserved 1048576K
}
Event: 3.450 GC heap before
{Heap before GC invocations=10 (full 0):
 garbage-first heap   total 71680K, used 50691K [0x0000000704e00000, 0x0000000800000000)
  region size 2048K, 21 young (43008K), 5 survivors (10240K)
 Metaspace       used 42190K, committed 42752K, reserved 1114112K
  class space    used 5135K, committed 5376K, reserved 1048576K
}
Event: 3.459 GC heap after
{Heap after GC invocations=11 (full 0):
 garbage-first heap   total 71680K, used 18537K [0x0000000704e00000, 0x0000000800000000)
  region size 2048K, 2 young (4096K), 2 survivors (4096K)
 Metaspace       used 42190K, committed 42752K, reserved 1114112K
  class space    used 5135K, committed 5376K, reserved 1048576K
}
Event: 3.730 GC heap before
{Heap before GC invocations=11 (full 0):
 garbage-first heap   total 71680K, used 57449K [0x0000000704e00000, 0x0000000800000000)
  region size 2048K, 21 young (43008K), 2 survivors (4096K)
 Metaspace       used 45928K, committed 46464K, reserved 1114112K
  class space    used 5711K, committed 5952K, reserved 1048576K
}
Event: 3.735 GC heap after
{Heap after GC invocations=12 (full 0):
 garbage-first heap   total 90112K, used 19489K [0x0000000704e00000, 0x0000000800000000)
  region size 2048K, 1 young (2048K), 1 survivors (2048K)
 Metaspace       used 45928K, committed 46464K, reserved 1114112K
  class space    used 5711K, committed 5952K, reserved 1048576K
}
Event: 4.230 GC heap before
{Heap before GC invocations=12 (full 0):
 garbage-first heap   total 90112K, used 70689K [0x0000000704e00000, 0x0000000800000000)
  region size 2048K, 26 young (53248K), 1 survivors (2048K)
 Metaspace       used 52083K, committed 52672K, reserved 1114112K
  class space    used 6521K, committed 6784K, reserved 1048576K
}
Event: 4.237 GC heap after
{Heap after GC invocations=13 (full 0):
 garbage-first heap   total 90112K, used 21067K [0x0000000704e00000, 0x0000000800000000)
  region size 2048K, 2 young (4096K), 2 survivors (4096K)
 Metaspace       used 52083K, committed 52672K, reserved 1114112K
  class space    used 6521K, committed 6784K, reserved 1048576K
}
Event: 4.784 GC heap before
{Heap before GC invocations=13 (full 0):
 garbage-first heap   total 90112K, used 70219K [0x0000000704e00000, 0x0000000800000000)
  region size 2048K, 26 young (53248K), 2 survivors (4096K)
 Metaspace       used 58034K, committed 58560K, reserved 1114112K
  class space    used 7322K, committed 7552K, reserved 1048576K
}
Event: 4.789 GC heap after
{Heap after GC invocations=14 (full 0):
 garbage-first heap   total 90112K, used 22381K [0x0000000704e00000, 0x0000000800000000)
  region size 2048K, 3 young (6144K), 3 survivors (6144K)
 Metaspace       used 58034K, committed 58560K, reserved 1114112K
  class space    used 7322K, committed 7552K, reserved 1048576K
}
Event: 4.933 GC heap before
{Heap before GC invocations=14 (full 0):
 garbage-first heap   total 90112K, used 34669K [0x0000000704e00000, 0x0000000800000000)
  region size 2048K, 11 young (22528K), 3 survivors (6144K)
 Metaspace       used 59541K, committed 60096K, reserved 1114112K
  class space    used 7484K, committed 7744K, reserved 1048576K
}
Event: 4.939 GC heap after
{Heap after GC invocations=15 (full 0):
 garbage-first heap   total 90112K, used 23119K [0x0000000704e00000, 0x0000000800000000)
  region size 2048K, 3 young (6144K), 3 survivors (6144K)
 Metaspace       used 59541K, committed 60096K, reserved 1114112K
  class space    used 7484K, committed 7744K, reserved 1048576K
}
Event: 5.341 GC heap before
{Heap before GC invocations=16 (full 0):
 garbage-first heap   total 90112K, used 68175K [0x0000000704e00000, 0x0000000800000000)
  region size 2048K, 26 young (53248K), 3 survivors (6144K)
 Metaspace       used 64652K, committed 65216K, reserved 1114112K
  class space    used 8372K, committed 8640K, reserved 1048576K
}
Event: 5.347 GC heap after
{Heap after GC invocations=17 (full 0):
 garbage-first heap   total 90112K, used 23779K [0x0000000704e00000, 0x0000000800000000)
  region size 2048K, 3 young (6144K), 3 survivors (6144K)
 Metaspace       used 64652K, committed 65216K, reserved 1114112K
  class space    used 8372K, committed 8640K, reserved 1048576K
}

Dll operation events (12 events):
Event: 0.016 Loaded shared library C:\Users\raush\Downloads\sts-4.24.0.RELEASE\plugins\org.eclipse.justj.openjdk.hotspot.jre.full.win32.x86_64_21.0.3.v20240426-1530\jre\bin\java.dll
Event: 0.024 Loaded shared library C:\Users\raush\Downloads\sts-4.24.0.RELEASE\plugins\org.eclipse.justj.openjdk.hotspot.jre.full.win32.x86_64_21.0.3.v20240426-1530\jre\bin\zip.dll
Event: 0.318 Loaded shared library C:\Users\raush\Downloads\sts-4.24.0.RELEASE\plugins\org.eclipse.justj.openjdk.hotspot.jre.full.win32.x86_64_21.0.3.v20240426-1530\jre\bin\instrument.dll
Event: 0.334 Loaded shared library C:\Users\raush\Downloads\sts-4.24.0.RELEASE\plugins\org.eclipse.justj.openjdk.hotspot.jre.full.win32.x86_64_21.0.3.v20240426-1530\jre\bin\net.dll
Event: 0.336 Loaded shared library C:\Users\raush\Downloads\sts-4.24.0.RELEASE\plugins\org.eclipse.justj.openjdk.hotspot.jre.full.win32.x86_64_21.0.3.v20240426-1530\jre\bin\nio.dll
Event: 0.346 Loaded shared library C:\Users\raush\Downloads\sts-4.24.0.RELEASE\plugins\org.eclipse.justj.openjdk.hotspot.jre.full.win32.x86_64_21.0.3.v20240426-1530\jre\bin\zip.dll
Event: 0.519 Loaded shared library C:\Users\raush\Downloads\sts-4.24.0.RELEASE\plugins\org.eclipse.justj.openjdk.hotspot.jre.full.win32.x86_64_21.0.3.v20240426-1530\jre\bin\jimage.dll
Event: 0.574 Loaded shared library C:\Users\raush\Downloads\sts-4.24.0.RELEASE\plugins\org.eclipse.justj.openjdk.hotspot.jre.full.win32.x86_64_21.0.3.v20240426-1530\jre\bin\management.dll
Event: 0.586 Loaded shared library C:\Users\raush\Downloads\sts-4.24.0.RELEASE\plugins\org.eclipse.justj.openjdk.hotspot.jre.full.win32.x86_64_21.0.3.v20240426-1530\jre\bin\management_ext.dll
Event: 0.820 Loaded shared library C:\Users\raush\Downloads\sts-4.24.0.RELEASE\plugins\org.eclipse.justj.openjdk.hotspot.jre.full.win32.x86_64_21.0.3.v20240426-1530\jre\bin\extnet.dll
Event: 0.856 Loaded shared library C:\Users\raush\Downloads\sts-4.24.0.RELEASE\plugins\org.eclipse.justj.openjdk.hotspot.jre.full.win32.x86_64_21.0.3.v20240426-1530\jre\bin\verify.dll
Event: 1.979 Loaded shared library C:\Users\raush\Downloads\sts-4.24.0.RELEASE\plugins\org.eclipse.justj.openjdk.hotspot.jre.full.win32.x86_64_21.0.3.v20240426-1530\jre\bin\sunmscapi.dll

Deoptimization events (20 events):
Event: 45.745 Thread 0x0000021580270430 DEOPT PACKING pc=0x00000215effccef4 sp=0x000000e164ffe920
Event: 45.745 Thread 0x0000021580270430 DEOPT UNPACKING pc=0x00000215ef644e42 sp=0x000000e164ffde10 mode 1
Event: 46.249 Thread 0x0000021580270430 DEOPT PACKING pc=0x00000215effcb114 sp=0x000000e164ffe770
Event: 46.249 Thread 0x0000021580270430 DEOPT UNPACKING pc=0x00000215ef644e42 sp=0x000000e164ffdc70 mode 1
Event: 46.249 Thread 0x0000021580270430 DEOPT PACKING pc=0x00000215effccef4 sp=0x000000e164ffe920
Event: 46.249 Thread 0x0000021580270430 DEOPT UNPACKING pc=0x00000215ef644e42 sp=0x000000e164ffde10 mode 1
Event: 46.752 Thread 0x0000021580270430 DEOPT PACKING pc=0x00000215effcb114 sp=0x000000e164ffe770
Event: 46.752 Thread 0x0000021580270430 DEOPT UNPACKING pc=0x00000215ef644e42 sp=0x000000e164ffdc70 mode 1
Event: 46.752 Thread 0x0000021580270430 DEOPT PACKING pc=0x00000215effccef4 sp=0x000000e164ffe920
Event: 46.752 Thread 0x0000021580270430 DEOPT UNPACKING pc=0x00000215ef644e42 sp=0x000000e164ffde10 mode 1
Event: 47.306 Thread 0x0000021580270430 DEOPT PACKING pc=0x00000215effcb114 sp=0x000000e164ffe770
Event: 47.306 Thread 0x0000021580270430 DEOPT UNPACKING pc=0x00000215ef644e42 sp=0x000000e164ffdc70 mode 1
Event: 47.307 Thread 0x0000021580270430 DEOPT PACKING pc=0x00000215effccef4 sp=0x000000e164ffe920
Event: 47.307 Thread 0x0000021580270430 DEOPT UNPACKING pc=0x00000215ef644e42 sp=0x000000e164ffde10 mode 1
Event: 47.728 Thread 0x00000215e9eaf970 DEOPT PACKING pc=0x00000215ef996534 sp=0x000000e162bfdf50
Event: 47.728 Thread 0x00000215e9eaf970 DEOPT UNPACKING pc=0x00000215ef644e42 sp=0x000000e162bfd408 mode 0
Event: 47.812 Thread 0x0000021580270430 DEOPT PACKING pc=0x00000215effcb114 sp=0x000000e164ffe770
Event: 47.812 Thread 0x0000021580270430 DEOPT UNPACKING pc=0x00000215ef644e42 sp=0x000000e164ffdc70 mode 1
Event: 47.812 Thread 0x0000021580270430 DEOPT PACKING pc=0x00000215effccef4 sp=0x000000e164ffe920
Event: 47.812 Thread 0x0000021580270430 DEOPT UNPACKING pc=0x00000215ef644e42 sp=0x000000e164ffde10 mode 1

Classes loaded (20 events):
Event: 4.854 Loading class java/util/concurrent/CompletableFuture$AsynchronousCompletionTask done
Event: 4.854 Loading class java/util/concurrent/ForkJoinTask
Event: 4.855 Loading class java/util/concurrent/ForkJoinTask done
Event: 4.855 Loading class java/util/concurrent/CompletableFuture$Completion done
Event: 4.927 Loading class java/util/concurrent/CancellationException
Event: 4.927 Loading class java/util/concurrent/CancellationException done
Event: 5.230 Loading class java/util/ArrayList$ListItr
Event: 5.230 Loading class java/util/ArrayList$ListItr done
Event: 5.271 Loading class java/util/AbstractList$SubList
Event: 5.272 Loading class java/util/AbstractList$SubList done
Event: 5.334 Loading class java/lang/reflect/AnnotatedArrayType
Event: 5.334 Loading class java/lang/reflect/AnnotatedArrayType done
Event: 5.377 Loading class java/lang/foreign/ValueLayout
Event: 5.377 Loading class java/lang/foreign/MemoryLayout
Event: 5.378 Loading class java/lang/foreign/MemoryLayout done
Event: 5.378 Loading class java/lang/foreign/ValueLayout done
Event: 5.383 Loading class jdk/internal/org/objectweb/asm/ClassReader
Event: 5.385 Loading class jdk/internal/org/objectweb/asm/ClassReader done
Event: 5.744 Loading class javax/naming/Reference
Event: 5.745 Loading class javax/naming/Reference done

Classes unloaded (0 events):
No events

Classes redefined (1 events):
Event: 47.744 Thread 0x00000215fac3e230 redefined class name=com.example.demo.controller.CtsController, count=1

Internal exceptions (20 events):
Event: 4.501 Thread 0x00000215e9eaf970 Exception <a 'java/lang/NoSuchMethodError'{0x0000000709726908}: 'java.lang.Object java.lang.invoke.DirectMethodHandle$Holder.invokeStaticInit(java.lang.Object, java.lang.Object, java.lang.Object, java.lang.Object)'> (0x0000000709726908) 
thrown [s\src\hotspot\share\interpreter\linkResolver.cpp, line 773]
Event: 4.516 Thread 0x00000215e9eaf970 Exception <a 'java/lang/NoSuchMethodError'{0x0000000709443328}: 'int java.lang.invoke.Invokers$Holder.invokeExact_MT(java.lang.Object, java.lang.Object)'> (0x0000000709443328) 
thrown [s\src\hotspot\share\interpreter\linkResolver.cpp, line 773]
Event: 4.700 Thread 0x00000215e9eaf970 Exception <a 'java/lang/NoSuchMethodError'{0x0000000707f90778}: 'int java.lang.invoke.DirectMethodHandle$Holder.invokeVirtual(java.lang.Object, java.lang.Object, java.lang.Object)'> (0x0000000707f90778) 
thrown [s\src\hotspot\share\interpreter\linkResolver.cpp, line 773]
Event: 4.944 Thread 0x00000215e9eaf970 Exception <a 'java/lang/IncompatibleClassChangeError'{0x000000071480d658}: Found class java.lang.Object, but interface was expected> (0x000000071480d658) 
thrown [s\src\hotspot\share\interpreter\linkResolver.cpp, line 840]
Event: 4.973 Thread 0x00000215e9eaf970 Exception <a 'java/lang/NoSuchMethodError'{0x000000070a2b09a0}: 'java.lang.Object java.lang.invoke.DirectMethodHandle$Holder.invokeStatic(java.lang.Object, java.lang.Object, int, java.lang.Object)'> (0x000000070a2b09a0) 
thrown [s\src\hotspot\share\interpreter\linkResolver.cpp, line 773]
Event: 4.973 Thread 0x00000215e9eaf970 Exception <a 'java/lang/NoSuchMethodError'{0x000000070a2b4198}: 'java.lang.Object java.lang.invoke.DirectMethodHandle$Holder.invokeStaticInit(java.lang.Object, java.lang.Object, int, java.lang.Object)'> (0x000000070a2b4198) 
thrown [s\src\hotspot\share\interpreter\linkResolver.cpp, line 773]
Event: 5.464 Thread 0x00000215e9eaf970 Exception <a 'java/lang/NoSuchMethodError'{0x0000000709a86078}: 'int java.lang.invoke.Invokers$Holder.invokeExact_MT(java.lang.Object, java.lang.Object, java.lang.Object)'> (0x0000000709a86078) 
thrown [s\src\hotspot\share\interpreter\linkResolver.cpp, line 773]
Event: 5.481 Thread 0x00000215e9eaf970 Exception <a 'java/lang/NoSuchMethodError'{0x0000000709bf42c0}: 'void java.lang.invoke.DirectMethodHandle$Holder.invokeInterface(java.lang.Object, java.lang.Object, int, java.lang.Object)'> (0x0000000709bf42c0) 
thrown [s\src\hotspot\share\interpreter\linkResolver.cpp, line 773]
Event: 5.484 Thread 0x00000215e9eaf970 Exception <a 'java/lang/NoSuchMethodError'{0x000000070984a390}: 'java.lang.Object java.lang.invoke.DirectMethodHandle$Holder.newInvokeSpecial(java.lang.Object, java.lang.Object, int, java.lang.Object)'> (0x000000070984a390) 
thrown [s\src\hotspot\share\interpreter\linkResolver.cpp, line 773]
Event: 5.506 Thread 0x00000215e9eaf970 Exception <a 'java/lang/NoSuchMethodError'{0x00000007096e7870}: 'void java.lang.invoke.DirectMethodHandle$Holder.invokeSpecial(java.lang.Object, java.lang.Object, java.lang.Object, java.lang.Object, java.lang.Object, java.lang.Object, java.lang.Object, java.lang.Object)'> (0x00000007096e7870) 
thrown [s\src\hotspot\share\interpreter\linkResolver.cpp, line 773]
Event: 5.512 Thread 0x00000215e9eaf970 Exception <a 'java/lang/NoSuchMethodError'{0x000000070977ae08}: 'void java.lang.invoke.DirectMethodHandle$Holder.invokeSpecial(java.lang.Object, java.lang.Object, int, java.lang.Object)'> (0x000000070977ae08) 
thrown [s\src\hotspot\share\interpreter\linkResolver.cpp, line 773]
Event: 5.512 Thread 0x00000215e9eaf970 Exception <a 'java/lang/NoSuchMethodError'{0x0000000709781130}: 'java.lang.Object java.lang.invoke.DirectMethodHandle$Holder.newInvokeSpecial(java.lang.Object, java.lang.Object, int)'> (0x0000000709781130) 
thrown [s\src\hotspot\share\interpreter\linkResolver.cpp, line 773]
Event: 5.547 Thread 0x00000215e9eaf970 Exception <a 'java/lang/NoSuchMethodError'{0x0000000709055a20}: 'java.lang.Object java.lang.invoke.DirectMethodHandle$Holder.newInvokeSpecial(java.lang.Object, java.lang.Object, java.lang.Object, java.lang.Object, java.lang.Object, int, java.lang.Object)'> (0x0000000709055a20) 
thrown [s\src\hotspot\share\interpreter\linkResolver.cpp, line 773]
Event: 5.551 Thread 0x00000215e9eaf970 Exception <a 'java/lang/NoSuchMethodError'{0x00000007090ad000}: 'java.lang.Object java.lang.invoke.DirectMethodHandle$Holder.newInvokeSpecial(java.lang.Object, java.lang.Object, java.lang.Object, java.lang.Object, java.lang.Object, java.lang.Object, java.lang.Object, java.lang.Object, java.lang.Object, java.lang.Object, java.lang.Object, java.lang.Object)'> (0x00000007090ad000) 
thrown [s\src\hotspot\share\interpreter\linkResolver.cpp, line 773]
Event: 5.551 Thread 0x00000215e9eaf970 Exception <a 'java/lang/NoSuchMethodError'{0x00000007090b5ef0}: 'java.lang.Object java.lang.invoke.Invokers$Holder.linkToTargetMethod(java.lang.Object, java.lang.Object, java.lang.Object, java.lang.Object, java.lang.Object, java.lang.Object, java.lang.Object, java.lang.Object, java.lang.Object, java.lang.Object, java.lang.Object, java.lang.Object)'> (0x00000007090b5ef0) 
thrown [s\src\hotspot\share\interpreter\linkResolver.cpp, line 773]
Event: 5.588 Thread 0x00000215e9eaf970 Exception <a 'java/lang/IncompatibleClassChangeError'{0x0000000708d0d7a8}: Found class java.lang.Object, but interface was expected> (0x0000000708d0d7a8) 
thrown [s\src\hotspot\share\interpreter\linkResolver.cpp, line 840]
Event: 5.601 Thread 0x00000215e9eaf970 Exception <a 'java/lang/NoSuchMethodError'{0x0000000708a461a0}: 'java.lang.Object java.lang.invoke.DirectMethodHandle$Holder.newInvokeSpecial(java.lang.Object, java.lang.Object, java.lang.Object, java.lang.Object, java.lang.Object, java.lang.Object, java.lang.Object, int)'> (0x0000000708a461a0) 
thrown [s\src\hotspot\share\interpreter\linkResolver.cpp, line 773]
Event: 5.601 Thread 0x00000215e9eaf970 Exception <a 'java/lang/NoSuchMethodError'{0x0000000708a4a700}: 'java.lang.Object java.lang.invoke.DirectMethodHandle$Holder.invokeSpecial(java.lang.Object, java.lang.Object, java.lang.Object, java.lang.Object, java.lang.Object, java.lang.Object, java.lang.Object, java.lang.Object, int)'> (0x0000000708a4a700) 
thrown [s\src\hotspot\share\interpreter\linkResolver.cpp, line 773]
Event: 5.601 Thread 0x00000215e9eaf970 Exception <a 'java/lang/NoSuchMethodError'{0x0000000708a4e718}: 'java.lang.Object java.lang.invoke.Invokers$Holder.linkToTargetMethod(java.lang.Object, java.lang.Object, java.lang.Object, java.lang.Object, java.lang.Object, java.lang.Object, int, java.lang.Object)'> (0x0000000708a4e718) 
thrown [s\src\hotspot\share\interpreter\linkResolver.cpp, line 773]
Event: 5.625 Thread 0x00000215e9eaf970 Exception <a 'java/lang/NoSuchMethodError'{0x00000007088b7480}: 'void java.lang.invoke.DirectMethodHandle$Holder.invokeInterface(java.lang.Object, java.lang.Object)'> (0x00000007088b7480) 
thrown [s\src\hotspot\share\interpreter\linkResolver.cpp, line 773]

ZGC Phase Switch (0 events):
No events

VM Operations (20 events):
Event: 24.031 Executing VM operation: Cleanup
Event: 24.031 Executing VM operation: Cleanup done
Event: 39.106 Executing VM operation: Cleanup
Event: 39.106 Executing VM operation: Cleanup done
Event: 44.139 Executing VM operation: Cleanup
Event: 44.139 Executing VM operation: Cleanup done
Event: 47.728 Executing VM operation: ChangeSingleStep
Event: 47.728 Executing VM operation: ChangeSingleStep done
Event: 47.728 Executing VM operation: ChangeSingleStep
Event: 47.728 Executing VM operation: ChangeSingleStep done
Event: 47.740 Executing VM operation: RedefineClasses
Event: 47.758 Executing VM operation: RedefineClasses done
Event: 47.773 Executing VM operation: ChangeBreakpoints
Event: 47.775 Executing VM operation: ChangeBreakpoints done
Event: 47.793 Executing VM operation: ChangeBreakpoints
Event: 47.795 Executing VM operation: ChangeBreakpoints done
Event: 47.821 Executing VM operation: ChangeBreakpoints
Event: 47.824 Executing VM operation: ChangeBreakpoints done
Event: 47.827 Executing VM operation: ChangeSingleStep
Event: 47.827 Executing VM operation: ChangeSingleStep done

Events (20 events):
Event: 4.957 Thread 0x00000215fac3e230 flushing nmethod 0x00000215efb63010
Event: 4.957 Thread 0x00000215fac3e230 flushing nmethod 0x00000215efb24610
Event: 4.957 Thread 0x00000215fac3e230 flushing nmethod 0x00000215efaa5b10
Event: 4.957 Thread 0x00000215fac3e230 flushing nmethod 0x00000215efa49c10
Event: 4.957 Thread 0x00000215fac3e230 flushing nmethod 0x00000215efa48590
Event: 4.957 Thread 0x00000215fac3e230 flushing nmethod 0x00000215efa4a990
Event: 4.957 Thread 0x00000215fac3e230 flushing nmethod 0x00000215ef9b5b10
Event: 4.957 Thread 0x00000215fac3e230 flushing nmethod 0x00000215ef99ea90
Event: 4.957 Thread 0x00000215fac3e230 flushing nmethod 0x00000215ef99e090
Event: 4.957 Thread 0x00000215fac3e230 flushing nmethod 0x00000215ef984410
Event: 4.957 Thread 0x00000215fac3e230 flushing nmethod 0x00000215ef99c010
Event: 4.957 Thread 0x00000215fac3e230 flushing nmethod 0x00000215ef99bb90
Event: 4.957 Thread 0x00000215fac3e230 flushing nmethod 0x00000215ef96f890
Event: 4.957 Thread 0x00000215fac3e230 flushing nmethod 0x00000215ef933f10
Event: 4.957 Thread 0x00000215fac3e230 flushing nmethod 0x00000215ef8a0f90
Event: 4.957 Thread 0x00000215fac3e230 flushing nmethod 0x00000215ef89fd90
Event: 6.337 Thread 0x00000215ff192440 Thread exited: 0x00000215ff192440
Event: 6.892 Thread 0x00000215ff192b10 Thread exited: 0x00000215ff192b10
Event: 7.396 Thread 0x00000215ff194d20 Thread exited: 0x00000215ff194d20
Event: 10.093 Thread 0x000002158109e450 Thread exited: 0x000002158109e450


Dynamic libraries:
0x00007ff625ae0000 - 0x00007ff625aee000 	C:\Users\raush\Downloads\sts-4.24.0.RELEASE\plugins\org.eclipse.justj.openjdk.hotspot.jre.full.win32.x86_64_21.0.3.v20240426-1530\jre\bin\javaw.exe
0x00007ffb60fe0000 - 0x00007ffb61240000 	C:\WINDOWS\SYSTEM32\ntdll.dll
0x00007ffb5f750000 - 0x00007ffb5f817000 	C:\WINDOWS\System32\KERNEL32.DLL
0x00007ffb5e330000 - 0x00007ffb5e6fa000 	C:\WINDOWS\System32\KERNELBASE.dll
0x00007ffb5e870000 - 0x00007ffb5e9bb000 	C:\WINDOWS\System32\ucrtbase.dll
0x00007ffb02b40000 - 0x00007ffb02b58000 	C:\Users\raush\Downloads\sts-4.24.0.RELEASE\plugins\org.eclipse.justj.openjdk.hotspot.jre.full.win32.x86_64_21.0.3.v20240426-1530\jre\bin\jli.dll
0x00007ffb5ee60000 - 0x00007ffb5f02c000 	C:\WINDOWS\System32\USER32.dll
0x00007ffb5e840000 - 0x00007ffb5e867000 	C:\WINDOWS\System32\win32u.dll
0x00007ffb60be0000 - 0x00007ffb60c0a000 	C:\WINDOWS\System32\GDI32.dll
0x00007ffb5e700000 - 0x00007ffb5e831000 	C:\WINDOWS\System32\gdi32full.dll
0x00007ffb5ec70000 - 0x00007ffb5ed13000 	C:\WINDOWS\System32\msvcp_win.dll
0x00007ffb08950000 - 0x00007ffb0896b000 	C:\Users\raush\Downloads\sts-4.24.0.RELEASE\plugins\org.eclipse.justj.openjdk.hotspot.jre.full.win32.x86_64_21.0.3.v20240426-1530\jre\bin\VCRUNTIME140.dll
0x00007ffb45d20000 - 0x00007ffb45fb7000 	C:\WINDOWS\WinSxS\amd64_microsoft.windows.common-controls_6595b64144ccf1df_6.0.26100.3624_none_3e086962e3345f24\COMCTL32.dll
0x00007ffb5fe70000 - 0x00007ffb5ff19000 	C:\WINDOWS\System32\msvcrt.dll
0x00007ffb5f030000 - 0x00007ffb5f05f000 	C:\WINDOWS\System32\IMM32.DLL
0x00007ffb22250000 - 0x00007ffb2225c000 	C:\Users\raush\Downloads\sts-4.24.0.RELEASE\plugins\org.eclipse.justj.openjdk.hotspot.jre.full.win32.x86_64_21.0.3.v20240426-1530\jre\bin\vcruntime140_1.dll
0x00007ffac29f0000 - 0x00007ffac2a7e000 	C:\Users\raush\Downloads\sts-4.24.0.RELEASE\plugins\org.eclipse.justj.openjdk.hotspot.jre.full.win32.x86_64_21.0.3.v20240426-1530\jre\bin\msvcp140.dll
0x00007ffa8aef0000 - 0x00007ffa8bc72000 	C:\Users\raush\Downloads\sts-4.24.0.RELEASE\plugins\org.eclipse.justj.openjdk.hotspot.jre.full.win32.x86_64_21.0.3.v20240426-1530\jre\bin\server\jvm.dll
0x00007ffb60ad0000 - 0x00007ffb60b82000 	C:\WINDOWS\System32\ADVAPI32.dll
0x00007ffb5f930000 - 0x00007ffb5f9d6000 	C:\WINDOWS\System32\sechost.dll
0x00007ffb5ff20000 - 0x00007ffb60036000 	C:\WINDOWS\System32\RPCRT4.dll
0x00007ffb5f8b0000 - 0x00007ffb5f924000 	C:\WINDOWS\System32\WS2_32.dll
0x00007ffb5cdf0000 - 0x00007ffb5ce4e000 	C:\WINDOWS\SYSTEM32\POWRPROF.dll
0x00007ffb5c660000 - 0x00007ffb5c696000 	C:\WINDOWS\SYSTEM32\WINMM.dll
0x00007ffb46090000 - 0x00007ffb4609b000 	C:\WINDOWS\SYSTEM32\VERSION.dll
0x00007ffb5cdd0000 - 0x00007ffb5cde4000 	C:\WINDOWS\SYSTEM32\UMPDC.dll
0x00007ffb5d0c0000 - 0x00007ffb5d0da000 	C:\WINDOWS\SYSTEM32\kernel.appcore.dll
0x00007ffb476f0000 - 0x00007ffb476fa000 	C:\Users\raush\Downloads\sts-4.24.0.RELEASE\plugins\org.eclipse.justj.openjdk.hotspot.jre.full.win32.x86_64_21.0.3.v20240426-1530\jre\bin\jimage.dll
0x00007ffb5b800000 - 0x00007ffb5ba41000 	C:\WINDOWS\SYSTEM32\DBGHELP.DLL
0x00007ffb60c10000 - 0x00007ffb60f92000 	C:\WINDOWS\System32\combase.dll
0x00007ffb5f5c0000 - 0x00007ffb5f696000 	C:\WINDOWS\System32\OLEAUT32.dll
0x00007ffb5c600000 - 0x00007ffb5c639000 	C:\WINDOWS\SYSTEM32\dbgcore.DLL
0x00007ffb5ebd0000 - 0x00007ffb5ec69000 	C:\WINDOWS\System32\bcryptPrimitives.dll
0x00007ffb41110000 - 0x00007ffb4114c000 	C:\Users\raush\Downloads\sts-4.24.0.RELEASE\plugins\org.eclipse.justj.openjdk.hotspot.jre.full.win32.x86_64_21.0.3.v20240426-1530\jre\bin\jdwp.dll
0x00007ffb4bc50000 - 0x00007ffb4bc5f000 	C:\Users\raush\Downloads\sts-4.24.0.RELEASE\plugins\org.eclipse.justj.openjdk.hotspot.jre.full.win32.x86_64_21.0.3.v20240426-1530\jre\bin\instrument.dll
0x00007ffb21310000 - 0x00007ffb2132f000 	C:\Users\raush\Downloads\sts-4.24.0.RELEASE\plugins\org.eclipse.justj.openjdk.hotspot.jre.full.win32.x86_64_21.0.3.v20240426-1530\jre\bin\java.dll
0x00007ffb211a0000 - 0x00007ffb211b8000 	C:\Users\raush\Downloads\sts-4.24.0.RELEASE\plugins\org.eclipse.justj.openjdk.hotspot.jre.full.win32.x86_64_21.0.3.v20240426-1530\jre\bin\zip.dll
0x00007ffb60330000 - 0x00007ffb60a59000 	C:\WINDOWS\System32\SHELL32.dll
0x00007ffb5e1c0000 - 0x00007ffb5e328000 	C:\WINDOWS\System32\wintypes.dll
0x00007ffb5ba50000 - 0x00007ffb5c2a2000 	C:\WINDOWS\SYSTEM32\windows.storage.dll
0x00007ffb5f090000 - 0x00007ffb5f17d000 	C:\WINDOWS\System32\SHCORE.dll
0x00007ffb60a60000 - 0x00007ffb60ac4000 	C:\WINDOWS\System32\shlwapi.dll
0x00007ffb5e0d0000 - 0x00007ffb5e0ff000 	C:\WINDOWS\SYSTEM32\profapi.dll
0x00007ffb4a510000 - 0x00007ffb4a51b000 	C:\Users\raush\Downloads\sts-4.24.0.RELEASE\plugins\org.eclipse.justj.openjdk.hotspot.jre.full.win32.x86_64_21.0.3.v20240426-1530\jre\bin\dt_socket.dll
0x00007ffb5ca80000 - 0x00007ffb5cab3000 	C:\WINDOWS\SYSTEM32\IPHLPAPI.DLL
0x00007ffb5d5f0000 - 0x00007ffb5d65a000 	C:\WINDOWS\system32\mswsock.dll
0x00007ffb5cb20000 - 0x00007ffb5cc45000 	C:\WINDOWS\SYSTEM32\DNSAPI.dll
0x00007ffb5f340000 - 0x00007ffb5f34a000 	C:\WINDOWS\System32\NSI.dll
0x00007ffb53230000 - 0x00007ffb5323b000 	C:\Windows\System32\rasadhlp.dll
0x00007ffb55230000 - 0x00007ffb552b5000 	C:\WINDOWS\System32\fwpuclnt.dll
0x00007ffb476e0000 - 0x00007ffb476f0000 	C:\Users\raush\Downloads\sts-4.24.0.RELEASE\plugins\org.eclipse.justj.openjdk.hotspot.jre.full.win32.x86_64_21.0.3.v20240426-1530\jre\bin\net.dll
0x00007ffb54160000 - 0x00007ffb5427d000 	C:\WINDOWS\SYSTEM32\WINHTTP.dll
0x00007ffb1ed90000 - 0x00007ffb1eda6000 	C:\Users\raush\Downloads\sts-4.24.0.RELEASE\plugins\org.eclipse.justj.openjdk.hotspot.jre.full.win32.x86_64_21.0.3.v20240426-1530\jre\bin\nio.dll
0x00007ffb21190000 - 0x00007ffb2119a000 	C:\Users\raush\Downloads\sts-4.24.0.RELEASE\plugins\org.eclipse.justj.openjdk.hotspot.jre.full.win32.x86_64_21.0.3.v20240426-1530\jre\bin\management.dll
0x00007ffb21080000 - 0x00007ffb2108b000 	C:\Users\raush\Downloads\sts-4.24.0.RELEASE\plugins\org.eclipse.justj.openjdk.hotspot.jre.full.win32.x86_64_21.0.3.v20240426-1530\jre\bin\management_ext.dll
0x00007ffb5f8a0000 - 0x00007ffb5f8a8000 	C:\WINDOWS\System32\PSAPI.DLL
0x00007ffb24fe0000 - 0x00007ffb24ff8000 	C:\WINDOWS\system32\napinsp.dll
0x00007ffb24fc0000 - 0x00007ffb24fd2000 	C:\WINDOWS\System32\winrnr.dll
0x00007ffb24e80000 - 0x00007ffb24eb0000 	C:\WINDOWS\system32\nlansp_c.dll
0x00007ffb4c690000 - 0x00007ffb4c6a6000 	C:\WINDOWS\system32\wshbth.dll
0x00007ffb5d8b0000 - 0x00007ffb5d8cc000 	C:\WINDOWS\SYSTEM32\CRYPTSP.dll
0x00007ffb5d020000 - 0x00007ffb5d05a000 	C:\WINDOWS\system32\rsaenh.dll
0x00007ffb5d690000 - 0x00007ffb5d6bb000 	C:\WINDOWS\SYSTEM32\USERENV.dll
0x00007ffb5e0a0000 - 0x00007ffb5e0c6000 	C:\WINDOWS\SYSTEM32\bcrypt.dll
0x00007ffb5d8d0000 - 0x00007ffb5d8dc000 	C:\WINDOWS\SYSTEM32\CRYPTBASE.dll
0x00007ffb21300000 - 0x00007ffb21309000 	C:\Users\raush\Downloads\sts-4.24.0.RELEASE\plugins\org.eclipse.justj.openjdk.hotspot.jre.full.win32.x86_64_21.0.3.v20240426-1530\jre\bin\extnet.dll
0x00007ffb473e0000 - 0x00007ffb473f0000 	C:\Users\raush\Downloads\sts-4.24.0.RELEASE\plugins\org.eclipse.justj.openjdk.hotspot.jre.full.win32.x86_64_21.0.3.v20240426-1530\jre\bin\verify.dll
0x00007ffb27330000 - 0x00007ffb2733e000 	C:\Users\raush\Downloads\sts-4.24.0.RELEASE\plugins\org.eclipse.justj.openjdk.hotspot.jre.full.win32.x86_64_21.0.3.v20240426-1530\jre\bin\sunmscapi.dll
0x00007ffb5e9c0000 - 0x00007ffb5eb37000 	C:\WINDOWS\System32\CRYPT32.dll
0x00007ffb5dab0000 - 0x00007ffb5dae0000 	C:\WINDOWS\SYSTEM32\ncrypt.dll
0x00007ffb5da60000 - 0x00007ffb5da9f000 	C:\WINDOWS\SYSTEM32\NTASN1.dll

dbghelp: loaded successfully - version: 4.0.5 - missing functions: none
symbol engine: initialized successfully - sym options: 0x614 - pdb path: .;C:\Users\raush\Downloads\sts-4.24.0.RELEASE\plugins\org.eclipse.justj.openjdk.hotspot.jre.full.win32.x86_64_21.0.3.v20240426-1530\jre\bin;C:\WINDOWS\SYSTEM32;C:\WINDOWS\WinSxS\amd64_microsoft.windows.common-controls_6595b64144ccf1df_6.0.26100.3624_none_3e086962e3345f24;C:\Users\raush\Downloads\sts-4.24.0.RELEASE\plugins\org.eclipse.justj.openjdk.hotspot.jre.full.win32.x86_64_21.0.3.v20240426-1530\jre\bin\server

VM Arguments:
jvm_args: -XX:+ShowCodeDetailsInExceptionMessages -agentlib:jdwp=transport=dt_socket,suspend=y,address=localhost:56763 -Dcom.sun.management.jmxremote -Dcom.sun.management.jmxremote.port=56762 -Dcom.sun.management.jmxremote.authenticate=false -Dcom.sun.management.jmxremote.ssl=false -Djava.rmi.server.hostname=localhost -Dspring.jmx.enabled=true -Dmanagement.endpoints.jmx.exposure.include=* -Dspring.application.admin.enabled=true -XX:TieredStopAtLevel=1 -Dspring.boot.project.name=demo -javaagent:C:\Users\raush\Downloads\sts-4.24.0.RELEASE\configuration\org.eclipse.osgi\270\0\.cp\lib\javaagent-shaded.jar -Dfile.encoding=UTF-8 -Dstdout.encoding=UTF-8 -Dstderr.encoding=UTF-8 
java_command: com.example.demo.CognizentLearningApplication --spring.output.ansi.enabled=always
java_class_path (initial): C:\Users\raush\Downloads\demo\demo\target\classes;C:\Users\raush\.m2\repository\org\springframework\boot\spring-boot-starter-data-jpa\3.4.5\spring-boot-starter-data-jpa-3.4.5.jar;C:\Users\raush\.m2\repository\org\springframework\boot\spring-boot-starter\3.4.5\spring-boot-starter-3.4.5.jar;C:\Users\raush\.m2\repository\org\springframework\boot\spring-boot\3.4.5\spring-boot-3.4.5.jar;C:\Users\raush\.m2\repository\org\springframework\boot\spring-boot-autoconfigure\3.4.5\spring-boot-autoconfigure-3.4.5.jar;C:\Users\raush\.m2\repository\org\springframework\boot\spring-boot-starter-logging\3.4.5\spring-boot-starter-logging-3.4.5.jar;C:\Users\raush\.m2\repository\ch\qos\logback\logback-classic\1.5.18\logback-classic-1.5.18.jar;C:\Users\raush\.m2\repository\ch\qos\logback\logback-core\1.5.18\logback-core-1.5.18.jar;C:\Users\raush\.m2\repository\org\apache\logging\log4j\log4j-to-slf4j\2.24.3\log4j-to-slf4j-2.24.3.jar;C:\Users\raush\.m2\repository\org\apache\logging\log4j\log4j-api\2.24.3\log4j-api-2.24.3.jar;C:\Users\raush\.m2\repository\org\slf4j\jul-to-slf4j\2.0.17\jul-to-slf4j-2.0.17.jar;C:\Users\raush\.m2\repository\jakarta\annotation\jakarta.annotation-api\2.1.1\jakarta.annotation-api-2.1.1.jar;C:\Users\raush\.m2\repository\org\yaml\snakeyaml\2.3\snakeyaml-2.3.jar;C:\Users\raush\.m2\repository\org\springframework\boot\spring-boot-starter-jdbc\3.4.5\spring-boot-starter-jdbc-3.4.5.jar;C:\Users\raush\.m2\repository\com\zaxxer\HikariCP\5.1.0\HikariCP-5.1.0.jar;C:\Users\raush\.m2\repository\org\springframework\spring-jdbc\6.2.6\spring-jdbc-6.2.6.jar;C:\Users\raush\.m2\repository\org\hibernate\orm\hibernate-core\6.6.13.Final\hibernate-core-6.6.13.Final.jar;C:\Users\raush\.m2\repository\jakarta\persistence\jakarta.persistence-api\3.1.0\jakarta.persistence-api-3.1.0.jar;C:\Users\raush\.m2\repository\jakarta\transaction\jakarta.transaction-api\2.0.1\jakarta.transaction-api-2.0.1.jar;C:\Users\raush\.m2\repository\org\jboss\logging\jboss-logging\3.6.1.Final\jboss-logging-3.6.1.Final.jar;C:\Users\raush\.m2\repository\org\hibernate\common\hibernate-commons-annotations\7.0.3.Final\hibernate-commons-annotations-7.0.3.Final.jar;C:\Users\raush\.m2\repository\io\smallrye\jandex\3.2.0\jandex-3.2.0.jar;C:\Users\raush\.m2\repository\com\fasterxml\classmate\1.7.0\classmate-1.7.0.jar;C:\Users\raush\.m2\repository\net\bytebuddy\byte-buddy\1.15.11\byte-buddy-1.15.11.jar;C:\Users\raush\.m2\repository\org\glassfish\jaxb\jaxb-runtime\4.0.5\jaxb-runtime-4.0.5.jar;C:\Users\raush\.m2\repository\org\glassfish\jaxb\jaxb-core\4.0.5\jaxb-core-4.0.5.jar;C:\Users\raush\.m2\repository\org\eclipse\angus\angus-activation\2.0.2\angus-activation-2.0.2.jar;C:\Users\raush\.m2\repository\org\glassfish\jaxb\txw2\4.0.5\txw2-4.0.5.jar;C:\Users\raush\.m2\repository\com\sun\istack\istack-commons-runtime\4.1.2\istack-commons-runtime-4.1.2.jar;C:\Users\raush\.m2\repository\jakarta\inject\jakarta.inject-api\2.0.1\jakarta.inject-api-2.0.1.jar;C:\Users\raush\.m2\repository\org\antlr\antlr4-runtime\4.13.0\antlr4-runtime-4.13.0.jar;C:\Users\raush\.m2\repository\org\springframework\data\spring-data-jpa\3.4.5\spring-data-jpa-3.4.5.jar;C:\Users\raush\.m2\repository\org\springframework\data\spring-data-commons\3.4.5\spring-data-commons-3.4.5.jar;C:\Users\raush\.m2\repository\org\springframework\spring-orm\6.2.6\spring-orm-6.2.6.jar;C:\Users\raush\.m2\repository\org\springframework\spring-context\6.2.6\spring-context-6.2.6.jar;C:\Users\raush\.m2\repository\org\springframework\spring-aop\6.2.6\spring-aop-6.2.6.jar;C:\Users\raush\.m2\repository\org\springframework\spring-tx\6.2.6\spring-tx-6.2.6.jar;C:\Users\raush\.m2\repository\org\springframework\spring-beans\6.2.6\spring-beans-6.2.6.jar;C:\Users\raush\.m2\repository\org\slf4j\slf4j-api\2.0.17\slf4j-api-2.0.17.jar;C:\Users\raush\.m2\repository\org\springframework\spring-aspects\6.2.6\spring-aspects-6.2.6.jar;C:\Users\raush\.m2\repository\org\aspectj\aspectjweaver\1.9.24\aspectjweaver-1.9.24.jar;C:\Users\raush\.m2\repository\org\springframework\boot\spring-boot-starter-web\3.4.5\spring-boot-starter-web-3.4.5.jar;C:\Users\raush\.m2\repository\org\springframework\boot\spring-boot-starter-json\3.4.5\spring-boot-starter-json-3.4.5.jar;C:\Users\raush\.m2\repository\com\fasterxml\jackson\core\jackson-databind\2.18.3\jackson-databind-2.18.3.jar;C:\Users\raush\.m2\repository\com\fasterxml\jackson\core\jackson-annotations\2.18.3\jackson-annotations-2.18.3.jar;C:\Users\raush\.m2\repository\com\fasterxml\jackson\core\jackson-core\2.18.3\jackson-core-2.18.3.jar;C:\Users\raush\.m2\repository\com\fasterxml\jackson\datatype\jackson-datatype-jdk8\2.18.3\jackson-datatype-jdk8-2.18.3.jar;C:\Users\raush\.m2\repository\com\fasterxml\jackson\datatype\jackson-datatype-jsr310\2.18.3\jackson-datatype-jsr310-2.18.3.jar;C:\Users\raush\.m2\repository\com\fasterxml\jackson\module\jackson-module-parameter-names\2.18.3\jackson-module-parameter-names-2.18.3.jar;C:\Users\raush\.m2\repository\org\springframework\boot\spring-boot-starter-tomcat\3.4.5\spring-boot-starter-tomcat-3.4.5.jar;C:\Users\raush\.m2\repository\org\apache\tomcat\embed\tomcat-embed-core\10.1.40\tomcat-embed-core-10.1.40.jar;C:\Users\raush\.m2\repository\org\apache\tomcat\embed\tomcat-embed-el\10.1.40\tomcat-embed-el-10.1.40.jar;C:\Users\raush\.m2\repository\org\apache\tomcat\embed\tomcat-embed-websocket\10.1.40\tomcat-embed-websocket-10.1.40.jar;C:\Users\raush\.m2\repository\org\springframework\spring-web\6.2.6\spring-web-6.2.6.jar;C:\Users\raush\.m2\repository\io\micrometer\micrometer-observation\1.14.6\micrometer-observation-1.14.6.jar;C:\Users\raush\.m2\repository\io\micrometer\micrometer-commons\1.14.6\micrometer-commons-1.14.6.jar;C:\Users\raush\.m2\repository\org\springframework\spring-webmvc\6.2.6\spring-webmvc-6.2.6.jar;C:\Users\raush\.m2\repository\org\springframework\spring-expression\6.2.6\spring-expression-6.2.6.jar;C:\Users\raush\.m2\repository\jakarta\xml\bind\jakarta.xml.bind-api\4.0.2\jakarta.xml.bind-api-4.0.2.jar;C:\Users\raush\.m2\repository\jakarta\activation\jakarta.activation-api\2.1.3\jakarta.activation-api-2.1.3.jar;C:\Users\raush\.m2\repository\org\springframework\spring-core\6.2.6\spring-core-6.2.6.jar;C:\Users\raush\.m2\repository\org\springframework\spring-jcl\6.2.6\spring-jcl-6.2.6.jar;C:\Users\raush\.m2\repository\com\mysql\mysql-connector-j\8.0.33\mysql-connector-j-8.0.33.jar
Launcher Type: SUN_STANDARD

[Global flags]
     intx CICompilerCount                          = 4                                         {product} {ergonomic}
     uint ConcGCThreads                            = 3                                         {product} {ergonomic}
     uint G1ConcRefinementThreads                  = 10                                        {product} {ergonomic}
   size_t G1HeapRegionSize                         = 2097152                                   {product} {ergonomic}
    uintx GCDrainStackTargetSize                   = 64                                        {product} {ergonomic}
   size_t InitialHeapSize                          = 264241152                                 {product} {ergonomic}
     bool ManagementServer                         = true                                      {product} {command line}
   size_t MarkStackSize                            = 4194304                                   {product} {ergonomic}
   size_t MaxHeapSize                              = 4213178368                                {product} {ergonomic}
   size_t MaxNewSize                               = 2527068160                                {product} {ergonomic}
   size_t MinHeapDeltaBytes                        = 2097152                                   {product} {ergonomic}
   size_t MinHeapSize                              = 8388608                                   {product} {ergonomic}
    uintx NonNMethodCodeHeapSize                   = 4096                                   {pd product} {ergonomic}
    uintx NonProfiledCodeHeapSize                  = 0                                      {pd product} {ergonomic}
     bool ProfileInterpreter                       = false                                  {pd product} {command line}
    uintx ProfiledCodeHeapSize                     = 0                                      {pd product} {ergonomic}
     bool ShowCodeDetailsInExceptionMessages       = true                                   {manageable} {command line}
   size_t SoftMaxHeapSize                          = 4213178368                             {manageable} {ergonomic}
     intx TieredStopAtLevel                        = 1                                         {product} {command line}
     bool UseCompressedOops                        = true                           {product lp64_product} {ergonomic}
     bool UseG1GC                                  = true                                      {product} {ergonomic}
     bool UseLargePagesIndividualAllocation        = false                                  {pd product} {ergonomic}

Logging:
Log output configuration:
 #0: stdout all=warning uptime,level,tags foldmultilines=false
 #1: stderr all=off uptime,level,tags foldmultilines=false

Environment Variables:
JAVA_HOME=C:\Program Files\Java\jdk-22
PATH=C:\Users\raush\Downloads\sts-4.24.0.RELEASE\plugins\org.eclipse.justj.openjdk.hotspot.jre.full.win32.x86_64_21.0.3.v20240426-1530\jre\bin;C:/Users/raush/Downloads/sts-4.24.0.RELEASE//plugins/org.eclipse.justj.openjdk.hotspot.jre.full.win32.x86_64_21.0.3.v20240426-1530/jre/bin/server;C:/Users/raush/Downloads/sts-4.24.0.RELEASE//plugins/org.eclipse.justj.openjdk.hotspot.jre.full.win32.x86_64_21.0.3.v20240426-1530/jre/bin;C:\Program Files\Common Files\Oracle\Java\javapath;C:\WINDOWS\system32;C:\WINDOWS;C:\WINDOWS\System32\Wbem;C:\WINDOWS\System32\WindowsPowerShell\v1.0\;C:\WINDOWS\System32\OpenSSH\;C:\Program Files\dotnet\;C:\Program Files\MySQL\MySQL Server 9.0\bin;C:\Program Files\Java\jdk-22\bin;C:\Program Files\Git\cmd;C:\Program Files\nodejs\;C:\Program Files\Docker\Docker\resources\bin;C:\Users\raush\AppData\Local\Microsoft\WindowsApps;C:\Users\raush\AppData\Roaming\npm;C:\Users\raush\AppData\Local\Programs\Microsoft VS Code\bin;C:\Users\raush\AppData\Local\GitHubDesktop\bin;;C:\Users\raush\Downloads\sts-4.24.0.RELEASE;
USERNAME=raush
OS=Windows_NT
PROCESSOR_IDENTIFIER=Intel64 Family 6 Model 154 Stepping 4, GenuineIntel
TMP=C:\Users\raush\AppData\Local\Temp
TEMP=C:\Users\raush\AppData\Local\Temp




Periodic native trim disabled

---------------  S Y S T E M  ---------------

OS:
 Windows 11 , 64 bit Build 26100 (10.0.26100.3775)
OS uptime: 21 days 18:50 hours
Hyper-V role detected

CPU: total 12 (initial active 12) (6 cores per cpu, 2 threads per core) family 6 model 154 stepping 4 microcode 0x435, cx8, cmov, fxsr, ht, mmx, 3dnowpref, sse, sse2, sse3, ssse3, sse4.1, sse4.2, popcnt, lzcnt, tsc, tscinvbit, avx, avx2, aes, erms, clmul, bmi1, bmi2, adx, sha, fma, vzeroupper, clflush, clflushopt, clwb, hv, serialize, rdtscp, rdpid, fsrm, f16c, cet_ibt, cet_ss
Processor Information for processor 0
  Max Mhz: 1700, Current Mhz: 1700, Mhz Limit: 1700
Processor Information for processor 1
  Max Mhz: 1700, Current Mhz: 1457, Mhz Limit: 1700
Processor Information for processor 2
  Max Mhz: 1700, Current Mhz: 1457, Mhz Limit: 1700
Processor Information for processor 3
  Max Mhz: 1700, Current Mhz: 1700, Mhz Limit: 1700
Processor Information for processor 4
  Max Mhz: 1700, Current Mhz: 1700, Mhz Limit: 1700
Processor Information for processor 5
  Max Mhz: 1700, Current Mhz: 1700, Mhz Limit: 1700
Processor Information for processor 6
  Max Mhz: 1700, Current Mhz: 1558, Mhz Limit: 1700
Processor Information for processor 7
  Max Mhz: 1700, Current Mhz: 1700, Mhz Limit: 1700
Processor Information for processor 8
  Max Mhz: 1700, Current Mhz: 1700, Mhz Limit: 1700
Processor Information for processor 9
  Max Mhz: 1700, Current Mhz: 1700, Mhz Limit: 1700
Processor Information for processor 10
  Max Mhz: 1700, Current Mhz: 1558, Mhz Limit: 1700
Processor Information for processor 11
  Max Mhz: 1700, Current Mhz: 1700, Mhz Limit: 1700

Memory: 4k page, system-wide physical 16068M (5219M free)
TotalPageFile size 21956M (AvailPageFile size 5298M)
current process WorkingSet (physical memory assigned to process): 248M, peak: 250M
current process commit charge ("private bytes"): 279M, peak: 362M

vm_info: OpenJDK 64-Bit Server VM (21.0.3+9-LTS) for windows-amd64 JRE (21.0.3+9-LTS), built on 2024-04-16T00:00:00Z by "admin" with MS VC++ 17.7 (VS2022)

END.
